lerna(verbose) GitUtilities.isInitialized    ()
lerna(verbose) GitUtilities.isInitialized    () => true
lerna(verbose) GitUtilities.getTopLevelDirectory()
lerna(verbose) GitUtilities.getTopLevelDirectory() => "."
lerna(verbose) FileSystemUtilities.existsSync("./lerna.json")
lerna(verbose) FileSystemUtilities.existsSync("./lerna.json") => true
lerna(verbose) FileSystemUtilities.readFileSync("./lerna.json")
lerna(verbose) FileSystemUtilities.readFileSync("./lerna.json") => "{\n  \"lerna\": \"2.0.0-beta.34\",\n  \"version\": \"2.0.596\"\n}"
lerna(verbose) FileSystemUtilities.existsSync("./package.json")
lerna(verbose) FileSystemUtilities.existsSync("./package.json") => true
lerna(verbose) FileSystemUtilities.readFileSync("./package.json")
lerna(verbose) FileSystemUtilities.readFileSync("./package.json") => "{\n  \"name\": \"emrsn-react-data-grid\",\n  \"version\": \"2.0.1\",\n  \"description\": \"Data grid for React\",\n  \"main\": \"src/index.js\",\n  \"scripts\": {\n    \"pretest\": \"npm run eslint\",\n    \"test\": \"./node_modules/.bin/karma start ./config/karma.js --singleRun true --release true\",\n    \"dev-test\": \"./node_modules/.bin/karma start ./config/karma.dev.js --singleRun false --debug true\",\n    \"postinstall\": \"lerna bootstrap\",\n    \"build\": \"webpack --config ./config/webpack.config.prod.js --release true\",\n    \"dev-server\": \"node webpack-dev-server.js\",\n    \"beforepublish\": \"lerna run beforepublish\",\n    \"eslint\": \"./node_modules/.bin/eslint -f unix packages/react-data-grid/src/** packages/react-data-grid-addons/src/**\"\n  },\n  \"repository\": {\n    \"type\": \"git\",\n    \"url\": \"git://github.com/Michael-Tajmajer-Emrsn/react-data-grid.git\"\n  },\n  \"keywords\": [\n    \"react\",\n    \"grid\",\n    \"react-component\"\n  ],\n  \"peerDependencies\": {\n    \"react\": \"^15.4.2\",\n    \"react-dom\": \"^15.4.2\",\n    \"react-prop-types\": \"0.4.0\",\n    \"create-react-class\": \"^15.4.2\"\n  },\n  \"dependencies\": {\n    \"classnames\": \"^1.2.0\",\n    \"es5-shim\": \"^4.0.3\",\n    \"fbjs\": \"^0.6.1\",\n    \"fs-extra\": \"^0.30.0\",\n    \"object-assign\": \"^2.0.0\",\n    \"react-contextmenu\": \"^1.6.3\",\n    \"react-dnd\": \"^2.1.4\",\n    \"react-dnd-html5-backend\": \"^2.1.2\",\n    \"react-input-autosize\": \"1.1.0\",\n    \"react-prop-types\": \"^0.4.0\",\n    \"react-select\": \"^1.0.0-beta14\",\n    \"reselect\": \"^2.5.1\",\n    \"ron-react-autocomplete\": \"^4.0.4\"\n  },\n  \"devDependencies\": {\n    \"avcoveralls\": \"^1.0.0\",\n    \"babel-core\": \"^6.7.4\",\n    \"babel-eslint\": \"^4.1.6\",\n    \"babel-loader\": \"^6.2.1\",\n    \"babel-plugin-transform-class-properties\": \"^6.4.0\",\n    \"babel-plugin-transform-es3-member-expression-literals\": \"^6.5.0\",\n    \"babel-plugin-transform-es3-property-literals\": \"^6.5.0\",\n    \"babel-plugin-transform-react-jsx\": \"^6.4.0\",\n    \"babel-plugin-typecheck\": \"^3.6.1\",\n    \"babel-preset-es2015\": \"^6.9.0\",\n    \"babel-preset-es2015-loose\": \"^7.0.0\",\n    \"babel-preset-react\": \"^6.3.13\",\n    \"copy-dir\": \"^0.3.0\",\n    \"css-loader\": \"^0.26.0\",\n    \"del\": \"^1.2.1\",\n    \"enzyme\": \"2.8.0\",\n    \"eslint\": \"^1.10.3\",\n    \"eslint-loader\": \"^1.2.0\",\n    \"eslint-plugin-react\": \"^3.15.0\",\n    \"faker\": \"^3.0.1\",\n    \"gh-pages\": \"^0.2.0\",\n    \"gulp\": \"^3.8.7\",\n    \"gulp-concat\": \"^2.3.4\",\n    \"gulp-util\": \"^3.0.0\",\n    \"immutable\": \"^3.7.3\",\n    \"istanbul-instrumenter-loader\": \"^0.1.2\",\n    \"jasmine-core\": \"2.6.1\",\n    \"jasmine-enzyme\": \"^1.2.0\",\n    \"karma\": \"^1.1.0\",\n    \"karma-chrome-launcher\": \"^0.2.0\",\n    \"karma-coverage\": \"^0.4.0\",\n    \"karma-firefox-launcher\": \"^0.1.3\",\n    \"karma-ie-launcher\": \"^1.0.0\",\n    \"karma-jasmine\": \"^1.0.2\",\n    \"karma-jasmine-matchers\": \"^0.1.3\",\n    \"karma-junit-reporter\": \"^0.2.2\",\n    \"karma-mocha-reporter\": \"^2.2.3\",\n    \"karma-phantomjs-launcher\": \"^0.1.4\",\n    \"karma-phantomjs-launcher-nonet\": \"^0.1.3\",\n    \"karma-sourcemap-loader\": \"^0.3.7\",\n    \"karma-webpack\": \"^1.7.0\",\n    \"lerna\": \"2.0.0-beta.34\",\n    \"minimist\": \"^1.1.0\",\n    \"mkdirp\": \"^0.5.1\",\n    \"moment\": \"^2.10.6\",\n    \"node-dir\": \"^0.1.12\",\n    \"object-assign\": \"^2.1.1\",\n    \"open\": \"0.0.5\",\n    \"react\": \"^15.4.2\",\n    \"react-addons-perf\": \"^15.4.2\",\n    \"react-addons-shallow-compare\": \"^15.4.2\",\n    \"react-addons-test-utils\": \"^15.4.2\",\n    \"react-addons-transition-group\": \"^15.4.2\",\n    \"react-dnd-test-backend\": \"^1.0.2\",\n    \"react-docgen\": \"^2.8.2\",\n    \"react-dom\": \"^15.4.2\",\n    \"rewire\": \"^2.1.3\",\n    \"rewire-webpack\": \"^1.0.0\",\n    \"run-sequence\": \"^1.2.2\",\n    \"semver\": \"^5.0.3\",\n    \"style-loader\": \"^0.13.1\",\n    \"underscore\": \"^1.8.3\",\n    \"vinyl-source-stream\": \"^0.1.1\",\n    \"webpack\": \"^1.12.10\",\n    \"webpack-dev-server\": \"^1.16.2\"\n  },\n  \"author\": \"adazzle\",\n  \"license\": \"MIT\",\n  \"bugs\": {\n    \"url\": \"https://github.com/adazzle/react-data-grid/issues\"\n  },\n  \"homepage\": \"https://github.com/adazzle/react-data-grid\"\n}"
lerna(info)    Lerna v2.0.0-beta.34
lerna(verbose) FileSystemUtilities.existsSync("./package.json")
lerna(verbose) FileSystemUtilities.existsSync("./package.json") => true
lerna(verbose) FileSystemUtilities.existsSync("./lerna.json")
lerna(verbose) FileSystemUtilities.existsSync("./lerna.json") => true
lerna(verbose) FileSystemUtilities.existsSync("./VERSION")
lerna(verbose) FileSystemUtilities.existsSync("./VERSION") => false
lerna(verbose) FileSystemUtilities.existsSync("./packages/react-data-grid-addons/package.json")
lerna(verbose) FileSystemUtilities.existsSync("./packages/react-data-grid-addons/package.json") => true
lerna(verbose) FileSystemUtilities.existsSync("./packages/react-data-grid-examples/package.json")
lerna(verbose) FileSystemUtilities.existsSync("./packages/react-data-grid-examples/package.json") => true
lerna(verbose) FileSystemUtilities.existsSync("./packages/react-data-grid/package.json")
lerna(verbose) FileSystemUtilities.existsSync("./packages/react-data-grid/package.json") => true
lerna(verbose) Attempting running BootstrapCommand.initialize
lerna(verbose) Successfully ran BootstrapCommand.initialize
lerna(verbose) Attempting running BootstrapCommand.execute
lerna(info)    Bootstrapping 3 packages
lerna(info)    Preinstalling packages
lerna(info)    Installing external dependencies
lerna(verbose) NpmUtilities.installInDir     ("./packages/react-data-grid-addons", ["emrsn-react-data-grid@2.0.597"])
lerna(verbose) NpmUtilities.installInDir     ("./packages/react-data-grid-examples", ["emrsn-react-data-grid@2.0.597","emrsn-react-data-grid-addon...)
lerna(error)   NpmUtilities.installInDir     ("./packages/react-data-grid-addons", ["emrsn-react-data-grid@2.0.597"])
    npm ERR! code ETARGET
    npm ERR! notarget No matching version found for emrsn-react-data-grid@2.0.597
    npm ERR! notarget In most cases you or one of your dependencies are requesting
    npm ERR! notarget a package version that doesn't exist.
    
    npm ERR! A complete log of this run can be found in:
    npm ERR!     /home/emerson/.npm/_logs/2017-09-05T17_50_58_339Z-debug.log
    
lerna(error)   Errored while running BootstrapCommand.execute
